<?xml version="1.0" encoding="utf-8"?><testsuites name="pytest tests"><testsuite name="pytest" errors="0" failures="0" skipped="0" tests="9" time="3.531" timestamp="2026-09-05T15:37:58.020887-04:00" hostname="Brick"><testcase classname="tests.test_ssl_entity_training" name="test_categorical_rollout_recompute_and_loss_matches_reference" time="0.474" /><testcase classname="tests.test_ssl_entity_training" name="test_complete_update_counts_and_corruption_rolls_back" time="0.482" /><testcase classname="tests.test_ssl_entity_training" name="test_cuda_sequence_update_and_cpu_adam_counter_nonfinite_detection" time="0.605" /><testcase classname="tests.test_ssl_entity_policy" name="test_entity_fields_and_canonical_pad_geometry" time="0.002" /><testcase classname="tests.test_ssl_entity_policy" name="test_evaluation_interface_has_exact_controls_for_every_joint_action" time="0.025" /><testcase classname="tests.test_ssl_entity_policy" name="test_attention_is_permutation_equivariant_and_uses_all_entities" time="0.005" /><testcase classname="tests.test_ssl_entity_policy" name="test_exact_initial_entity_parity_reset_semantics_and_critic_isolation" time="0.104" /><testcase classname="tests.test_ssl_joint_control_policy" name="test_joint_table_probability_projection_and_frozen_backbone" time="0.067" /><testcase classname="tests.test_ssl_joint_control_policy" name="test_joint_sequence_reset_parity_and_critic_isolation" time="0.029" /></testsuite></testsuites>