<?xml version="1.0" encoding="utf-8"?><testsuites name="pytest tests"><testsuite name="pytest" errors="0" failures="0" skipped="0" tests="12" time="1.603" timestamp="2026-09-06T11:28:52.490656-04:00" hostname="Brick"><testcase classname="tests.test_direct_skills_native_kickoff_v1" name="test_native_xyzw_heading_and_velocity_projection" time="0.004" /><testcase classname="tests.test_direct_skills_native_kickoff_v1" name="test_race_stops_before_either_contact_and_excludes_postgoal" time="0.001" /><testcase classname="tests.test_direct_skills_native_kickoff_v1" name="test_tie_and_initial_contact_have_no_fabricated_race_mean" time="0.001" /><testcase classname="tests.test_direct_skills_native_kickoff_v1" name="test_goal_prefix_ignores_later_goals_and_includes_last_tick" time="0.000" /><testcase classname="tests.test_direct_skills_native_kickoff_v1" name="test_goal_prefix_checks_side_and_entry_not_only_count" time="0.000" /><testcase classname="tests.test_direct_skills_native_kickoff_v1" name="test_buffers_do_not_alias_or_mutate_source" time="0.002" /><testcase classname="tests.test_direct_skills_native_kickoff_v1" name="test_json_immutable_and_no_nan" time="0.003" /><testcase classname="tests.test_direct_skills_native_kickoff_v1" name="test_physical_report_serializes_actual_numpy_side_identity" time="0.007" /><testcase classname="tests.test_direct_skills_native_kickoff_v1" name="test_source_freezes_corrected_three_checkpoints_and_finite_scope" time="0.002" /><testcase classname="tests.test_direct_skills_native_kickoff_v1" name="test_readonly_subclass_delegates_exactly_once" time="0.001" /><testcase classname="tests.test_direct_skills_native_nexto_evaluation" name="test_parent_selection_is_frozen_before_results" time="0.000" /><testcase classname="tests.test_direct_skills_native_nexto_evaluation" name="test_controller_and_complete_match_semantics_are_explicit" time="0.003" /></testsuite></testsuites>