<?xml version="1.0" encoding="utf-8"?><testsuites name="pytest tests"><testsuite name="pytest" errors="0" failures="0" skipped="0" tests="35" time="3.433" timestamp="2026-09-06T07:46:00.147558-04:00" hostname="Brick"><testcase classname="tests.test_direct_skills_reset_recovery_report" name="test_actual_first_update_integrity" time="0.032" /><testcase classname="tests.test_direct_skills_reset_recovery_report" name="test_misbound_checkpoints_rejected[recovery_branch_updates-26]" time="0.008" /><testcase classname="tests.test_direct_skills_reset_recovery_report" name="test_misbound_checkpoints_rejected[accepted_updates-675]" time="0.008" /><testcase classname="tests.test_direct_skills_reset_recovery_report" name="test_misbound_checkpoints_rejected[fresh_optimizer-True]" time="0.007" /><testcase classname="tests.test_direct_skills_reset_recovery_report" name="test_misbound_checkpoints_rejected[recovery_parent_sha256-wrong]" time="0.007" /><testcase classname="tests.test_direct_skills_reset_recovery_report" name="test_misbound_checkpoints_rejected[cumulative_optimizer_steps-0]" time="0.007" /><testcase classname="tests.test_direct_skills_reset_recovery_report" name="test_misbound_checkpoints_rejected[direct_skill_samples-0]" time="0.007" /><testcase classname="tests.test_direct_skills_reset_recovery_report" name="test_misbound_checkpoints_rejected[direct_skill_physics_ticks-0]" time="0.008" /><testcase classname="tests.test_direct_skills_reset_recovery_report" name="test_misbound_checkpoints_rejected[effective_training_scenario_sha256-wrong]" time="0.007" /><testcase classname="tests.test_direct_skills_reset_recovery_report" name="test_misbound_checkpoints_rejected[evaluation_runtime_authority_sha256-wrong]" time="0.008" /><testcase classname="tests.test_direct_skills_reset_recovery_report" name="test_nonfinite_and_kl_semantics" time="0.021" /><testcase classname="tests.test_direct_skills_reset_recovery_report" name="test_parent_context_separates_kickoff_and_ongoing" time="0.096" /><testcase classname="tests.test_direct_skills_reset_recovery_report" name="test_goal_times_are_native_and_ordered" time="0.002" /><testcase classname="tests.test_direct_skills_reset_recovery" name="test_frozen_branch_identity_and_learning_boundary" time="0.001" /><testcase classname="tests.test_direct_skills_reset_recovery" name="test_same_bank_and_runtime_source_identity" time="0.279" /><testcase classname="tests.test_direct_skills_reset_recovery" name="test_actual_calls_not_mock_training_or_easier_eval" time="0.006" /><testcase classname="tests.test_direct_skills_reset_recovery" name="test_fresh_branch_no_arbitrary_parent" time="0.002" /><testcase classname="tests.test_direct_skills_reset_recovery" name="test_resume_exact_latest" time="0.013" /><testcase classname="tests.test_direct_skills_reset_recovery" name="test_refuse_unsafe_resume[stop]" time="0.004" /><testcase classname="tests.test_direct_skills_reset_recovery" name="test_refuse_unsafe_resume[old_sha]" time="0.007" /><testcase classname="tests.test_direct_skills_reset_recovery" name="test_refuse_unsafe_resume[other_path]" time="0.006" /><testcase classname="tests.test_direct_skills_reset_recovery" name="test_refuse_unsafe_resume[corrupt]" time="0.008" /><testcase classname="tests.test_direct_skills_reset_recovery" name="test_refuse_unsafe_resume[old_state]" time="0.008" /><testcase classname="tests.test_direct_skills_reset_recovery" name="test_refuse_unsafe_resume[other_authority]" time="0.008" /><testcase classname="tests.test_direct_skills_reset_recovery" name="test_refuse_unsafe_resume[complete]" time="0.007" /><testcase classname="tests.test_direct_skills_reset_recovery" name="test_refuse_unsafe_resume[failure]" time="0.008" /><testcase classname="tests.test_direct_skills_reset_recovery" name="test_refuse_unsafe_resume[out_of_range]" time="0.006" /><testcase classname="tests.test_direct_skills_matches" name="test_missing_or_different_method_rejected[match_reset_version]" time="0.002" /><testcase classname="tests.test_direct_skills_matches" name="test_missing_or_different_method_rejected[runtime_package_sha256]" time="0.002" /><testcase classname="tests.test_direct_skills_matches" name="test_missing_or_different_method_rejected[authority_sha256]" time="0.002" /><testcase classname="tests.test_direct_skills_matches" name="test_case_changes_rejected[match.rival_side]" time="0.002" /><testcase classname="tests.test_direct_skills_matches" name="test_case_changes_rejected[match.starting_layout]" time="0.002" /><testcase classname="tests.test_direct_skills_matches" name="test_old_reset_cannot_be_used_as_learning_baseline" time="0.002" /><testcase classname="tests.test_direct_skills_matches" name="test_same_or_backward_offsets_rejected" time="0.002" /><testcase classname="tests.test_direct_skills_matches" name="test_committed_real_comparison_is_deterministic_and_conserved" time="0.065" /></testsuite></testsuites>