<?xml version="1.0" encoding="utf-8"?><testsuites name="pytest tests"><testsuite name="pytest" errors="0" failures="0" skipped="0" tests="13" time="1.940" timestamp="2026-09-06T07:36:29.505885-04:00" hostname="Brick"><testcase classname="tests.test_direct_skills_reset_recovery_report" name="test_actual_first_update_integrity" time="0.029" /><testcase classname="tests.test_direct_skills_reset_recovery_report" name="test_misbound_checkpoints_rejected[recovery_branch_updates-26]" time="0.008" /><testcase classname="tests.test_direct_skills_reset_recovery_report" name="test_misbound_checkpoints_rejected[accepted_updates-675]" time="0.009" /><testcase classname="tests.test_direct_skills_reset_recovery_report" name="test_misbound_checkpoints_rejected[fresh_optimizer-True]" time="0.007" /><testcase classname="tests.test_direct_skills_reset_recovery_report" name="test_misbound_checkpoints_rejected[recovery_parent_sha256-wrong]" time="0.009" /><testcase classname="tests.test_direct_skills_reset_recovery_report" name="test_misbound_checkpoints_rejected[cumulative_optimizer_steps-0]" time="0.009" /><testcase classname="tests.test_direct_skills_reset_recovery_report" name="test_misbound_checkpoints_rejected[direct_skill_samples-0]" time="0.008" /><testcase classname="tests.test_direct_skills_reset_recovery_report" name="test_misbound_checkpoints_rejected[direct_skill_physics_ticks-0]" time="0.008" /><testcase classname="tests.test_direct_skills_reset_recovery_report" name="test_misbound_checkpoints_rejected[effective_training_scenario_sha256-wrong]" time="0.007" /><testcase classname="tests.test_direct_skills_reset_recovery_report" name="test_misbound_checkpoints_rejected[evaluation_runtime_authority_sha256-wrong]" time="0.007" /><testcase classname="tests.test_direct_skills_reset_recovery_report" name="test_nonfinite_and_kl_semantics" time="0.019" /><testcase classname="tests.test_direct_skills_reset_recovery_report" name="test_parent_context_separates_kickoff_and_ongoing" time="0.097" /><testcase classname="tests.test_direct_skills_reset_recovery_report" name="test_goal_times_are_native_and_ordered" time="0.002" /></testsuite></testsuites>