<?xml version="1.0" encoding="utf-8"?><testsuites name="pytest tests"><testsuite name="pytest" errors="0" failures="0" skipped="0" tests="42" time="9.910" timestamp="2026-09-06T07:29:19.117092-04:00" hostname="Brick"><testcase classname="tests.test_direct_skills_reset_recovery" name="test_frozen_branch_identity_and_learning_boundary" time="0.001" /><testcase classname="tests.test_direct_skills_reset_recovery" name="test_same_bank_and_runtime_source_identity" time="0.286" /><testcase classname="tests.test_direct_skills_reset_recovery" name="test_actual_calls_not_mock_training_or_easier_eval" time="0.006" /><testcase classname="tests.test_direct_skills_reset_recovery" name="test_fresh_branch_no_arbitrary_parent" time="0.003" /><testcase classname="tests.test_direct_skills_reset_recovery" name="test_resume_exact_latest" time="0.020" /><testcase classname="tests.test_direct_skills_reset_recovery" name="test_refuse_unsafe_resume[stop]" time="0.006" /><testcase classname="tests.test_direct_skills_reset_recovery" name="test_refuse_unsafe_resume[old_sha]" time="0.006" /><testcase classname="tests.test_direct_skills_reset_recovery" name="test_refuse_unsafe_resume[other_path]" time="0.006" /><testcase classname="tests.test_direct_skills_reset_recovery" name="test_refuse_unsafe_resume[corrupt]" time="0.007" /><testcase classname="tests.test_direct_skills_reset_recovery" name="test_refuse_unsafe_resume[old_state]" time="0.010" /><testcase classname="tests.test_direct_skills_reset_recovery" name="test_refuse_unsafe_resume[other_authority]" time="0.010" /><testcase classname="tests.test_direct_skills_reset_recovery" name="test_refuse_unsafe_resume[complete]" time="0.010" /><testcase classname="tests.test_direct_skills_reset_recovery" name="test_refuse_unsafe_resume[failure]" time="0.009" /><testcase classname="tests.test_direct_skills_reset_recovery" name="test_refuse_unsafe_resume[out_of_range]" time="0.006" /><testcase classname="tests.test_direct_skills_shooting_progress" name="test_only_half_finishing_opponent_geometry_changes[64]" time="0.016" /><testcase classname="tests.test_direct_skills_shooting_progress" name="test_only_half_finishing_opponent_geometry_changes[1024]" time="0.228" /><testcase classname="tests.test_direct_skills_shooting_progress" name="test_only_half_finishing_opponent_geometry_changes[32768]" time="7.184" /><testcase classname="tests.test_direct_skills_shooting_progress" name="test_curriculum_deterministic_and_no_reward_or_task_id" time="0.221" /><testcase classname="tests.test_direct_skills_shooting_progress" name="test_original_loader_and_complete_evaluation_body_preserved" time="0.006" /><testcase classname="tests.test_direct_skills_shooting_progress" name="test_same_collector_ppo_config_and_actual_call_sites" time="0.009" /><testcase classname="tests.test_direct_skills_shooting_progress" name="test_actual_training_uses_new_bank_and_original_evaluation_bank" time="0.003" /><testcase classname="tests.test_direct_skills_shooting_progress" name="test_entry_accepts_exact650_not_old_checkpoint" time="0.008" /><testcase classname="tests.test_direct_skills_shooting_progress" name="test_published_recovery_windows[650-650-True]" time="0.004" /><testcase classname="tests.test_direct_skills_shooting_progress" name="test_published_recovery_windows[650-650-False]" time="0.005" /><testcase classname="tests.test_direct_skills_shooting_progress" name="test_published_recovery_windows[651-650-True]" time="0.004" /><testcase classname="tests.test_direct_skills_shooting_progress" name="test_published_recovery_windows[651-650-False]" time="0.005" /><testcase classname="tests.test_direct_skills_shooting_progress" name="test_published_recovery_windows[664-663-False]" time="0.005" /><testcase classname="tests.test_direct_skills_shooting_progress" name="test_published_recovery_windows[675-674-False]" time="0.005" /><testcase classname="tests.test_direct_skills_shooting_progress" name="test_no_unsafe_resume[user_stop]" time="0.004" /><testcase classname="tests.test_direct_skills_shooting_progress" name="test_no_unsafe_resume[wrong_authority]" time="0.004" /><testcase classname="tests.test_direct_skills_shooting_progress" name="test_no_unsafe_resume[stale_state]" time="0.004" /><testcase classname="tests.test_direct_skills_shooting_progress" name="test_no_unsafe_resume[completed]" time="0.004" /><testcase classname="tests.test_direct_skills_shooting_progress" name="test_no_unsafe_resume[out_of_range]" time="0.004" /><testcase classname="tests.test_direct_skills_shooting_progress" name="test_no_unsafe_resume[corruption]" time="0.006" /><testcase classname="tests.test_direct_skills_matches" name="test_missing_or_different_method_rejected[match_reset_version]" time="0.002" /><testcase classname="tests.test_direct_skills_matches" name="test_missing_or_different_method_rejected[runtime_package_sha256]" time="0.002" /><testcase classname="tests.test_direct_skills_matches" name="test_missing_or_different_method_rejected[authority_sha256]" time="0.002" /><testcase classname="tests.test_direct_skills_matches" name="test_case_changes_rejected[match.rival_side]" time="0.002" /><testcase classname="tests.test_direct_skills_matches" name="test_case_changes_rejected[match.starting_layout]" time="0.002" /><testcase classname="tests.test_direct_skills_matches" name="test_old_reset_cannot_be_used_as_learning_baseline" time="0.002" /><testcase classname="tests.test_direct_skills_matches" name="test_same_or_backward_offsets_rejected" time="0.002" /><testcase classname="tests.test_direct_skills_matches" name="test_committed_real_comparison_is_deterministic_and_conserved" time="0.066" /></testsuite></testsuites>