<?xml version="1.0" encoding="utf-8"?><testsuites name="pytest tests"><testsuite name="pytest" errors="0" failures="0" skipped="0" tests="18" time="1.918" timestamp="2026-09-06T05:19:09.156417-04:00" hostname="Brick"><testcase classname="tests.test_direct_skills_resume_guard" name="test_exact_latest_can_be_recovered_without_changing_it" time="0.008" /><testcase classname="tests.test_direct_skills_resume_guard" name="test_old_parent_sha_cannot_restart_the_segment" time="0.011" /><testcase classname="tests.test_direct_skills_resume_guard" name="test_corrupt_latest_never_falls_back" time="0.007" /><testcase classname="tests.test_direct_skills_resume_guard" name="test_any_stop_is_respected" time="0.003" /><testcase classname="tests.test_direct_skills_resume_guard" name="test_review_boundary_cannot_be_mistaken_for_a_crash" time="0.006" /><testcase classname="tests.test_direct_skills_resume_guard" name="test_atomic_latest_can_be_one_boundary_ahead_of_status" time="0.007" /><testcase classname="tests.test_direct_skills_resume_guard" name="test_wrong_amendment_rejected" time="0.007" /><testcase classname="tests.test_direct_skills_resume_guard" name="test_cli_requires_explicit_resume_identity" time="0.001" /><testcase classname="tests.test_direct_skills_resume_guard" name="test_dispatch_checks_identity_before_frozen_run_and_check_only_never_runs[True]" time="1.729" /><testcase classname="tests.test_direct_skills_resume_guard" name="test_dispatch_checks_identity_before_frozen_run_and_check_only_never_runs[False]" time="0.001" /><testcase classname="tests.test_direct_skills_matches" name="test_missing_or_different_method_rejected[match_reset_version]" time="0.002" /><testcase classname="tests.test_direct_skills_matches" name="test_missing_or_different_method_rejected[runtime_package_sha256]" time="0.002" /><testcase classname="tests.test_direct_skills_matches" name="test_missing_or_different_method_rejected[authority_sha256]" time="0.002" /><testcase classname="tests.test_direct_skills_matches" name="test_case_changes_rejected[match.rival_side]" time="0.002" /><testcase classname="tests.test_direct_skills_matches" name="test_case_changes_rejected[match.starting_layout]" time="0.002" /><testcase classname="tests.test_direct_skills_matches" name="test_old_reset_cannot_be_used_as_learning_baseline" time="0.003" /><testcase classname="tests.test_direct_skills_matches" name="test_same_or_backward_offsets_rejected" time="0.004" /><testcase classname="tests.test_direct_skills_matches" name="test_committed_real_comparison_is_deterministic_and_conserved" time="0.066" /></testsuite></testsuites>